{"C:\\Users\\rajee\\dev\\node_FS_Backend\\models\\userModel.js": {"path":"C:\\Users\\rajee\\dev\\node_FS_Backend\\models\\userModel.js","statementMap":{"0":{"start":{"line":1,"column":17},"end":{"line":1,"column":36}},"1":{"start":{"line":3,"column":19},"end":{"line":39,"column":2}},"2":{"start":{"line":41,"column":0},"end":{"line":41,"column":52}}},"fnMap":{},"branchMap":{},"s":{"0":1,"1":1,"2":1},"f":{},"b":{},"_coverageSchema":"1a1c01bbd47fc00a2c39e90264f33305004495a9","hash":"c9b2faf55ac40f9d995bf3e68ece8f8cf1b78ac6"}
}
